<?xml version="1.0" encoding="UTF-8"?>
<!-- Generated by org.testng.reporters.JUnitReportReporter -->
<testsuite hostname="DESKTOP-1VLL2OF" failures="0" tests="2" name="testng.pgmactionclass" time="9.114" errors="0" timestamp="2024-08-31T11:33:53 IST" skipped="0">
  <testcase classname="testng.pgmactionclass" name="test" time="6.624"/>
  <system-out/>
  <testcase classname="testng.pgmactionclass" name="test2" time="2.490"/>
  <system-out/>
</testsuite> <!-- testng.pgmactionclass -->
