<?xml version="1.0" encoding="UTF-8"?>
<!-- Generated by org.testng.reporters.JUnitReportReporter -->
<testsuite hostname="DESKTOP-1VLL2OF" failures="0" tests="1" name="testng.Scrolldownpgm" time="4.359" errors="0" timestamp="2023-12-28T11:48:31 IST" skipped="0">
  <testcase classname="testng.Scrolldownpgm" name="test1" time="4.359"/>
  <system-out/>
</testsuite> <!-- testng.Scrolldownpgm -->
