<?xml version="1.0" encoding="UTF-8"?>
<!-- Generated by org.testng.reporters.JUnitReportReporter -->
<testsuite hostname="DESKTOP-1VLL2OF" failures="0" tests="1" name="testng.para" time="0.021" errors="0" timestamp="2024-08-30T19:45:12 IST" skipped="0">
  <testcase classname="testng.para" name="test" time="0.021"/>
  <system-out/>
</testsuite> <!-- testng.para -->
