<?xml version="1.0" encoding="UTF-8"?>
<!-- Generated by org.testng.reporters.JUnitReportReporter -->
<testsuite hostname="DESKTOP-1VLL2OF" failures="0" tests="1" name="test.fblogtest" time="28.353" errors="0" timestamp="2024-09-01T16:46:58 IST" skipped="0">
  <testcase classname="test.fblogtest" name="test" time="28.353"/>
  <system-out/>
</testsuite> <!-- test.fblogtest -->
