<?xml version="1.0" encoding="UTF-8"?>
<!-- Generated by org.testng.reporters.JUnitReportReporter -->
<testsuite hostname="DESKTOP-1VLL2OF" failures="0" tests="4" name="testng.Testngdemopgm" time="0.067" errors="0" timestamp="2023-12-18T11:02:20 IST" skipped="1">
  <testcase classname="testng.Testngdemopgm" name="test2" time="0.003"/>
  <system-out/>
  <testcase classname="testng.Testngdemopgm" name="test2" time="0.057"/>
  <system-out/>
  <testcase classname="testng.Testngdemopgm" name="test1" time="0.007"/>
  <system-out/>
  <testcase classname="testng.Testngdemopgm" name="test3">
    <skipped/>
  </testcase> <!-- test3 -->
  <system-out/>
</testsuite> <!-- testng.Testngdemopgm -->
