<?xml version="1.0" encoding="UTF-8"?>
<!-- Generated by org.testng.reporters.JUnitReportReporter -->
<testsuite hostname="DESKTOP-1VLL2OF" failures="0" tests="3" name="testng.TestNGgrouping" time="0.076" errors="0" timestamp="2023-12-19T10:39:27 IST" skipped="0">
  <testcase classname="testng.TestNGgrouping" name="main2" time="0.009"/>
  <system-out/>
  <testcase classname="testng.TestNGgrouping" name="main1" time="0.059"/>
  <system-out/>
  <testcase classname="testng.TestNGgrouping" name="main4" time="0.008"/>
  <system-out/>
</testsuite> <!-- testng.TestNGgrouping -->
