<?xml version="1.0" encoding="UTF-8"?>
<!-- Generated by org.testng.reporters.JUnitReportReporter -->
<testsuite hostname="DESKTOP-1VLL2OF" failures="0" tests="1" name="testng.Ebaysitepgm" time="9.607" errors="0" timestamp="2024-09-03T10:25:39 IST" skipped="0">
  <testcase classname="testng.Ebaysitepgm" name="test1" time="9.607"/>
  <system-out/>
</testsuite> <!-- testng.Ebaysitepgm -->
