<?xml version="1.0" encoding="UTF-8"?>
<!-- Generated by org.testng.reporters.JUnitReportReporter -->
<testsuite hostname="DESKTOP-1VLL2OF" failures="0" tests="1" name="testng.Excelpgm" time="83.200" errors="0" timestamp="2024-09-01T11:18:21 IST" skipped="0">
  <testcase classname="testng.Excelpgm" name="main" time="83.200"/>
  <system-out/>
</testsuite> <!-- testng.Excelpgm -->
