<?xml version="1.0" encoding="UTF-8"?>
<!-- Generated by org.testng.reporters.JUnitReportReporter -->
<testsuite hostname="DESKTOP-1VLL2OF" failures="0" tests="3" name="testng.crossbrowsertest" time="81.904" errors="0" timestamp="2024-08-30T20:47:58 IST" skipped="0">
  <testcase classname="testng.crossbrowsertest" name="test" time="38.022"/>
  <system-out/>
  <testcase classname="testng.crossbrowsertest" name="test" time="21.352"/>
  <system-out/>
  <testcase classname="testng.crossbrowsertest" name="test" time="22.530"/>
  <system-out/>
</testsuite> <!-- testng.crossbrowsertest -->
