<?xml version="1.0" encoding="UTF-8"?>
<!-- Generated by org.testng.reporters.JUnitReportReporter -->
<testsuite hostname="DESKTOP-1VLL2OF" failures="0" tests="1" name="testng.Windowhandle" time="34.769" errors="0" timestamp="2024-09-01T20:16:12 IST" skipped="0">
  <testcase classname="testng.Windowhandle" name="test" time="34.769"/>
  <system-out/>
</testsuite> <!-- testng.Windowhandle -->
