<?xml version="1.0" encoding="UTF-8"?>
<!-- Generated by org.testng.reporters.JUnitReportReporter -->
<testsuite hostname="DESKTOP-1VLL2OF" failures="0" tests="1" name="testng.Guru99testing" time="12.843" errors="0" timestamp="2023-12-29T17:15:54 IST" skipped="0">
  <testcase classname="testng.Guru99testing" name="test1" time="12.843"/>
  <system-out/>
</testsuite> <!-- testng.Guru99testing -->
