<?xml version="1.0" encoding="UTF-8"?>
<!-- Generated by org.testng.reporters.JUnitReportReporter -->
<testsuite hostname="DESKTOP-1VLL2OF" failures="0" tests="1" name="testng.actionclass" time="5.881" errors="0" timestamp="2024-08-30T21:40:34 IST" skipped="0">
  <testcase classname="testng.actionclass" name="test" time="5.881"/>
  <system-out/>
</testsuite> <!-- testng.actionclass -->
