<?xml version="1.0" encoding="UTF-8"?>
<!-- Generated by org.testng.reporters.JUnitReportReporter -->
<testsuite hostname="DESKTOP-1VLL2OF" failures="0" tests="1" name="testng.Actionclasspgm" time="26.240" errors="0" timestamp="2024-08-26T07:39:19 IST" skipped="0">
  <testcase classname="testng.Actionclasspgm" name="test1" time="26.240"/>
  <system-out/>
</testsuite> <!-- testng.Actionclasspgm -->
