<?xml version="1.0" encoding="UTF-8"?>
<!-- Generated by org.testng.reporters.JUnitReportReporter -->
<testsuite hostname="DESKTOP-1VLL2OF" failures="0" tests="1" name="testng.Draganddroppgm" time="24.349" errors="0" timestamp="2023-12-21T11:34:17 IST" skipped="0">
  <testcase classname="testng.Draganddroppgm" name="test1" time="24.349"/>
  <system-out/>
</testsuite> <!-- testng.Draganddroppgm -->
