<?xml version="1.0" encoding="UTF-8"?>
<!-- Generated by org.testng.reporters.JUnitReportReporter -->
<testsuite hostname="DESKTOP-1VLL2OF" failures="0" tests="1" name="testng.Windowhandlepgm" time="38.958" errors="0" timestamp="2023-12-28T11:11:17 IST" skipped="0">
  <testcase classname="testng.Windowhandlepgm" name="test1" time="38.958"/>
  <system-out/>
</testsuite> <!-- testng.Windowhandlepgm -->
