<?xml version="1.0" encoding="UTF-8"?>
<!-- Generated by org.testng.reporters.JUnitReportReporter -->
<testsuite hostname="DESKTOP-1VLL2OF" failures="0" tests="1" name="testng.Parametertest" time="0.045" errors="0" timestamp="2023-12-19T11:04:54 IST" skipped="0">
  <testcase classname="testng.Parametertest" name="main" time="0.045"/>
  <system-out/>
</testsuite> <!-- testng.Parametertest -->
