<?xml version="1.0" encoding="UTF-8"?>
<!-- Generated by org.testng.reporters.JUnitReportReporter -->
<testsuite hostname="DESKTOP-1VLL2OF" failures="0" tests="2" name="testng.grouping" time="0.023" errors="0" timestamp="2024-08-30T18:27:34 IST" skipped="0">
  <testcase classname="testng.grouping" name="test1" time="0.020"/>
  <system-out/>
  <testcase classname="testng.grouping" name="test2" time="0.003"/>
  <system-out/>
</testsuite> <!-- testng.grouping -->
